TN:
SF:src/magic/carta.ts
FN:34,<instance_members_initializer>
FN:61,Carta
FNF:2
FNH:2
FNDA:26,<instance_members_initializer>
FNDA:26,Carta
DA:1,1
DA:2,1
DA:3,1
DA:4,1
DA:5,1
DA:6,1
DA:7,1
DA:8,1
DA:9,1
DA:10,1
DA:11,1
DA:12,1
DA:13,1
DA:14,1
DA:15,1
DA:16,1
DA:17,1
DA:18,1
DA:19,1
DA:20,1
DA:21,1
DA:22,1
DA:23,1
DA:24,1
DA:25,1
DA:26,1
DA:27,1
DA:28,1
DA:29,1
DA:30,1
DA:31,1
DA:32,1
DA:33,1
DA:34,1
DA:35,26
DA:36,26
DA:37,26
DA:38,26
DA:39,26
DA:40,26
DA:41,26
DA:42,26
DA:43,26
DA:44,26
DA:45,26
DA:46,26
DA:47,26
DA:48,26
DA:49,26
DA:50,26
DA:51,26
DA:52,26
DA:53,26
DA:54,26
DA:55,26
DA:56,26
DA:57,26
DA:58,26
DA:59,26
DA:60,26
DA:61,26
DA:62,26
DA:63,26
DA:64,26
DA:65,26
DA:66,26
DA:67,26
DA:68,26
DA:69,26
DA:70,26
DA:71,26
DA:72,26
DA:73,26
DA:74,6
DA:75,6
DA:76,26
DA:77,3
DA:78,20
DA:79,1
DA:80,1
DA:81,26
DA:82,1
DA:83,26
DA:84,1
DA:85,21
DA:86,1
DA:87,1
DA:88,26
DA:89,26
LF:89
LH:89
BRDA:2,0,0,1
BRDA:13,1,0,1
BRDA:24,2,0,1
BRDA:34,3,0,26
BRDA:61,4,0,26
BRDA:65,5,0,0
BRDA:67,6,0,0
BRDA:69,7,0,0
BRDA:73,8,0,8
BRDA:73,9,0,7
BRDA:73,10,0,6
BRDA:76,11,0,20
BRDA:76,12,0,2
BRDA:76,13,0,19
BRDA:76,14,0,3
BRDA:78,15,0,17
BRDA:78,16,0,1
BRDA:78,17,0,1
BRDA:78,18,0,1
BRDA:81,19,0,22
BRDA:81,20,0,2
BRDA:81,21,0,1
BRDA:83,22,0,21
BRDA:83,23,0,20
BRDA:83,24,0,1
BRDA:85,25,0,20
BRDA:85,26,0,1
BRDA:85,27,0,1
BRF:28
BRH:25
end_of_record
TN:
SF:src/magic/coleccion_cartas.ts
FN:18,addCarta
FN:45,listCartas
FN:108,readCarta
FN:166,modifyCarta
FN:184,removeCarta
FNF:5
FNH:5
FNDA:15,addCarta
FNDA:4,listCartas
FNDA:3,readCarta
FNDA:3,modifyCarta
FNDA:4,removeCarta
DA:1,1
DA:2,1
DA:3,1
DA:4,1
DA:5,1
DA:6,1
DA:7,1
DA:8,1
DA:9,1
DA:10,1
DA:11,1
DA:12,1
DA:13,1
DA:14,1
DA:15,1
DA:16,1
DA:17,1
DA:18,1
DA:19,15
DA:20,15
DA:21,15
DA:22,0
DA:23,0
DA:24,15
DA:25,15
DA:26,15
DA:27,1
DA:28,1
DA:29,14
DA:30,14
DA:31,0
DA:32,0
DA:33,14
DA:34,14
DA:35,15
DA:36,15
DA:37,15
DA:38,1
DA:39,1
DA:40,1
DA:41,1
DA:42,1
DA:43,1
DA:44,1
DA:45,1
DA:46,4
DA:47,4
DA:48,2
DA:49,2
DA:50,2
DA:51,2
DA:52,2
DA:53,9
DA:54,9
DA:55,9
DA:56,9
DA:57,9
DA:58,9
DA:59,9
DA:60,1
DA:61,1
DA:62,9
DA:63,2
DA:64,2
DA:65,9
DA:66,1
DA:67,1
DA:68,9
DA:69,1
DA:70,1
DA:71,9
DA:72,2
DA:73,2
DA:74,9
DA:75,1
DA:76,1
DA:77,9
DA:78,1
DA:79,1
DA:80,9
DA:81,9
DA:82,9
DA:83,9
DA:84,9
DA:85,9
DA:86,3
DA:87,3
DA:88,3
DA:89,3
DA:90,9
DA:91,0
DA:92,0
DA:93,0
DA:94,6
DA:95,6
DA:96,6
DA:97,2
DA:98,2
DA:99,2
DA:100,1
DA:101,1
DA:102,1
DA:103,1
DA:104,1
DA:105,1
DA:106,1
DA:107,1
DA:108,1
DA:109,3
DA:110,3
DA:111,1
DA:112,1
DA:113,3
DA:114,1
DA:115,1
DA:116,1
DA:117,1
DA:118,1
DA:119,1
DA:120,1
DA:121,1
DA:122,3
DA:123,0
DA:124,0
DA:125,3
DA:126,1
DA:127,1
DA:128,3
DA:129,0
DA:130,0
DA:131,3
DA:132,0
DA:133,0
DA:134,3
DA:135,0
DA:136,0
DA:137,3
DA:138,0
DA:139,0
DA:140,3
DA:141,0
DA:142,0
DA:143,3
DA:144,1
DA:145,1
DA:146,1
DA:147,1
DA:148,3
DA:149,0
DA:150,0
DA:151,0
DA:152,3
DA:153,0
DA:154,0
DA:155,0
DA:156,1
DA:157,1
DA:158,1
DA:159,1
DA:160,1
DA:161,1
DA:162,1
DA:163,1
DA:164,1
DA:165,1
DA:166,1
DA:167,3
DA:168,3
DA:169,1
DA:170,1
DA:171,3
DA:172,1
DA:173,1
DA:174,1
DA:175,1
DA:176,1
DA:177,1
DA:178,1
DA:179,1
DA:180,1
DA:181,1
DA:182,1
DA:183,1
DA:184,1
DA:185,4
DA:186,4
DA:187,4
DA:188,1
DA:189,1
DA:190,3
DA:191,3
DA:192,1
DA:193,1
DA:194,2
DA:195,2
DA:196,0
DA:197,0
DA:198,2
DA:199,2
DA:200,3
DA:201,4
DA:202,4
DA:203,1
LF:203
LH:176
BRDA:18,0,0,15
BRDA:20,1,0,15
BRDA:21,2,0,0
BRDA:25,3,0,15
BRDA:26,4,0,1
BRDA:29,5,0,14
BRDA:29,6,0,14
BRDA:30,7,0,0
BRDA:45,8,0,4
BRDA:47,9,0,2
BRDA:52,10,0,9
BRDA:59,11,0,1
BRDA:62,12,0,2
BRDA:65,13,0,1
BRDA:68,14,0,1
BRDA:71,15,0,2
BRDA:74,16,0,1
BRDA:77,17,0,1
BRDA:85,18,0,3
BRDA:90,19,0,6
BRDA:90,20,0,0
BRDA:108,21,0,3
BRDA:110,22,0,1
BRDA:113,23,0,2
BRDA:113,24,0,1
BRDA:122,25,0,0
BRDA:125,26,0,1
BRDA:128,27,0,0
BRDA:131,28,0,0
BRDA:134,29,0,0
BRDA:137,30,0,0
BRDA:140,31,0,0
BRDA:144,32,0,1
BRDA:148,33,0,0
BRDA:152,34,0,1
BRDA:152,35,0,0
BRDA:166,36,0,3
BRDA:168,37,0,1
BRDA:171,38,0,2
BRDA:171,39,0,1
BRDA:184,40,0,4
BRDA:186,41,0,4
BRDA:187,42,0,1
BRDA:190,43,0,3
BRDA:190,44,0,3
BRDA:191,45,0,1
BRDA:194,46,0,2
BRDA:194,47,0,2
BRDA:195,48,0,0
BRF:49
BRH:37
end_of_record
